1633785153495	geckodriver	INFO	Listening on 127.0.0.1:53040
1633785156516	mozrunner::runner	INFO	Running command: "C:\\Program Files\\Mozilla Firefox\\firefox.exe" "--marionette" "-no-remote" "-profile" "C:\\Users\\rravicha\\AppData\\Local\\Temp\\rust_mozprofilezXxylc"
1633785157985	Marionette	INFO	Marionette enabled
console.warn: SearchSettings: "get: No settings file exists, new profile?" (new NotFoundError("Could not open the file at C:\\Users\\rravicha\\AppData\\Local\\Temp\\rust_mozprofilezXxylc\\search.json.mozlz4", (void 0)))
1633785161065	Marionette	INFO	Listening on port 53048
JavaScript error: resource://services-settings/Attachments.jsm, line 391: TypeError: / is not a valid URL.
1633785161543	RemoteAgent	WARN	TLS certificate errors will be ignored for this session
1633785168648	Marionette	WARN	TimedPromise timed out after 500 ms: stacktrace:
TimedPromise/<@chrome://remote/content/marionette/sync.js:238:19
TimedPromise@chrome://remote/content/marionette/sync.js:223:10
interaction.flushEventLoop@chrome://remote/content/marionette/interaction.js:431:10
webdriverClickElement@chrome://remote/content/marionette/interaction.js:179:31
JavaScript warning: http://unxrh7.ibi.com:12500/ibi_apps/designer?tool=framework&master=baseapp/wf_retail_lite&item=IBFS:/WFC/Repository/P215_S31921/G875470, line 635: unreachable code after return statement
JavaScript warning: http://unxrh7.ibi.com:12500/ibi_apps/designer?tool=framework&master=baseapp/wf_retail_lite&item=IBFS:/WFC/Repository/P215_S31921/G875470, line 694: unreachable code after return statement
JavaScript warning: http://unxrh7.ibi.com:12500/ibi_apps/designer?tool=framework&master=baseapp/wf_retail_lite&item=IBFS:/WFC/Repository/P215_S31921/G875470, line 698: unreachable code after return statement
JavaScript warning: http://unxrh7.ibi.com:12500/ibi_apps/designer?tool=framework&master=baseapp/wf_retail_lite&item=IBFS:/WFC/Repository/P215_S31921/G875470, line 906: unreachable code after return statement
JavaScript warning: https://js.arcgis.com/3.38/esri/dijit/BasemapGallery.js, line 462: WebGL warning: <Create>: AllowWebgl2:false restricts context creation on this system.
JavaScript warning: https://js.arcgis.com/3.38/esri/dijit/BasemapGallery.js, line 462: Failed to create WebGL context: WebGL creation failed: 
* AllowWebgl2:false restricts context creation on this system. ()
JavaScript warning: https://js.arcgis.com/3.38/esri/dijit/BasemapGallery.js, line 462: WebGL warning: <Create>: AllowWebgl2:false restricts context creation on this system.
JavaScript warning: https://js.arcgis.com/3.38/esri/dijit/BasemapGallery.js, line 462: Failed to create WebGL context: WebGL creation failed: 
* AllowWebgl2:false restricts context creation on this system. ()

###!!! [Parent][MessageChannel] Error: (msgtype=0x390145,name=PContent::Msg_AsyncMessage) Channel error: cannot send/recv

A content process crashed and MOZ_CRASHREPORTER_SHUTDOWN is set, shutting down
1633785398040	Marionette	INFO	Stopped listening on port 53048
JavaScript error: resource:///modules/Interactions.jsm, line 230: NS_ERROR_FAILURE: Component returned failure code: 0x80004005 (NS_ERROR_FAILURE) [nsIUserIdleService.removeIdleObserver]
[Parent 7800, IPC I/O Parent] WARNING: file /builds/worker/checkouts/gecko/ipc/chromium/src/base/process_util_win.cc:167
[GFX1-]: Receive IPC close with reason=AbnormalShutdown
1633785398523	geckodriver	INFO	Listening on 127.0.0.1:53171
1633785401525	mozrunner::runner	INFO	Running command: "C:\\Program Files\\Mozilla Firefox\\firefox.exe" "--marionette" "-no-remote" "-profile" "C:\\Users\\rravicha\\AppData\\Local\\Temp\\rust_mozprofileF2zx1s"
1633785402531	Marionette	INFO	Marionette enabled
console.warn: SearchSettings: "get: No settings file exists, new profile?" (new NotFoundError("Could not open the file at C:\\Users\\rravicha\\AppData\\Local\\Temp\\rust_mozprofileF2zx1s\\search.json.mozlz4", (void 0)))
1633785404596	Marionette	INFO	Listening on port 53179
1633785404795	RemoteAgent	WARN	TLS certificate errors will be ignored for this session
JavaScript error: resource://services-settings/Attachments.jsm, line 391: TypeError: / is not a valid URL.
JavaScript warning: http://unxrh7.ibi.com:12500/ibi_apps/designer?tool=framework&master=baseapp/wf_retail_lite&item=IBFS:/WFC/Repository/P215_S31921/G875470, line 635: unreachable code after return statement
JavaScript warning: http://unxrh7.ibi.com:12500/ibi_apps/designer?tool=framework&master=baseapp/wf_retail_lite&item=IBFS:/WFC/Repository/P215_S31921/G875470, line 694: unreachable code after return statement
JavaScript warning: http://unxrh7.ibi.com:12500/ibi_apps/designer?tool=framework&master=baseapp/wf_retail_lite&item=IBFS:/WFC/Repository/P215_S31921/G875470, line 698: unreachable code after return statement
JavaScript warning: http://unxrh7.ibi.com:12500/ibi_apps/designer?tool=framework&master=baseapp/wf_retail_lite&item=IBFS:/WFC/Repository/P215_S31921/G875470, line 906: unreachable code after return statement
JavaScript warning: https://js.arcgis.com/3.38/esri/dijit/BasemapGallery.js, line 462: WebGL warning: <Create>: AllowWebgl2:false restricts context creation on this system.
JavaScript warning: https://js.arcgis.com/3.38/esri/dijit/BasemapGallery.js, line 462: Failed to create WebGL context: WebGL creation failed: 
* AllowWebgl2:false restricts context creation on this system. ()
1633785495955	Marionette	WARN	TimedPromise timed out after 500 ms: stacktrace:
TimedPromise/<@chrome://remote/content/marionette/sync.js:238:19
TimedPromise@chrome://remote/content/marionette/sync.js:223:10
interaction.flushEventLoop@chrome://remote/content/marionette/interaction.js:431:10
webdriverClickElement@chrome://remote/content/marionette/interaction.js:179:31
JavaScript warning: https://js.arcgis.com/3.38/esri/dijit/BasemapGallery.js, line 462: WebGL warning: <Create>: AllowWebgl2:false restricts context creation on this system.
JavaScript warning: https://js.arcgis.com/3.38/esri/dijit/BasemapGallery.js, line 462: Failed to create WebGL context: WebGL creation failed: 
* AllowWebgl2:false restricts context creation on this system. ()
1633785609889	Marionette	INFO	Stopped listening on port 53179
JavaScript error: resource:///modules/Interactions.jsm, line 230: NS_ERROR_FAILURE: Component returned failure code: 0x80004005 (NS_ERROR_FAILURE) [nsIUserIdleService.removeIdleObserver]
1633850793668	geckodriver	INFO	Listening on 127.0.0.1:55926
1633850796667	mozrunner::runner	INFO	Running command: "C:\\Program Files\\Mozilla Firefox\\firefox.exe" "--marionette" "-no-remote" "-profile" "C:\\Users\\rravicha\\AppData\\Local\\Temp\\rust_mozprofileiBUL3x"
1633850797647	Marionette	INFO	Marionette enabled
console.warn: SearchSettings: "get: No settings file exists, new profile?" (new NotFoundError("Could not open the file at C:\\Users\\rravicha\\AppData\\Local\\Temp\\rust_mozprofileiBUL3x\\search.json.mozlz4", (void 0)))
1633850799994	Marionette	INFO	Listening on port 55934
JavaScript error: resource://services-settings/Attachments.jsm, line 391: TypeError: / is not a valid URL.
1633850800542	RemoteAgent	WARN	TLS certificate errors will be ignored for this session
JavaScript warning: http://unxrh7.ibi.com:12500/ibi_apps/designer?tool=framework&master=baseapp/wf_retail_lite&item=IBFS:/WFC/Repository/P215_S31921/G875470, line 635: unreachable code after return statement
JavaScript warning: http://unxrh7.ibi.com:12500/ibi_apps/designer?tool=framework&master=baseapp/wf_retail_lite&item=IBFS:/WFC/Repository/P215_S31921/G875470, line 694: unreachable code after return statement
JavaScript warning: http://unxrh7.ibi.com:12500/ibi_apps/designer?tool=framework&master=baseapp/wf_retail_lite&item=IBFS:/WFC/Repository/P215_S31921/G875470, line 698: unreachable code after return statement
JavaScript warning: http://unxrh7.ibi.com:12500/ibi_apps/designer?tool=framework&master=baseapp/wf_retail_lite&item=IBFS:/WFC/Repository/P215_S31921/G875470, line 906: unreachable code after return statement
JavaScript warning: https://js.arcgis.com/3.38/esri/dijit/BasemapGallery.js, line 462: WebGL warning: <Create>: AllowWebgl2:false restricts context creation on this system.
JavaScript warning: https://js.arcgis.com/3.38/esri/dijit/BasemapGallery.js, line 462: Failed to create WebGL context: WebGL creation failed: 
* AllowWebgl2:false restricts context creation on this system. ()
JavaScript warning: https://js.arcgis.com/3.38/esri/dijit/BasemapGallery.js, line 462: WebGL warning: <Create>: AllowWebgl2:false restricts context creation on this system.
JavaScript warning: https://js.arcgis.com/3.38/esri/dijit/BasemapGallery.js, line 462: Failed to create WebGL context: WebGL creation failed: 
* AllowWebgl2:false restricts context creation on this system. ()
[GFX1-]: RenderCompositorSWGL failed mapping default framebuffer, no dt
1633850945608	Marionette	WARN	TimedPromise timed out after 500 ms: stacktrace:
TimedPromise/<@chrome://remote/content/marionette/sync.js:238:19
TimedPromise@chrome://remote/content/marionette/sync.js:223:10
interaction.flushEventLoop@chrome://remote/content/marionette/interaction.js:431:10
webdriverClickElement@chrome://remote/content/marionette/interaction.js:179:31
JavaScript warning: http://unxrh7.ibi.com:12500/ibi_apps/designer?tool=framework&master=baseapp/wf_retail_lite&item=IBFS:/WFC/Repository/P215_S31921/G875470 line 129 > injectedScript, line 635: unreachable code after return statement
1633852862093	geckodriver	INFO	Listening on 127.0.0.1:55249
1633852865107	mozrunner::runner	INFO	Running command: "C:\\Program Files\\Mozilla Firefox\\firefox.exe" "--marionette" "-no-remote" "-profile" "C:\\Users\\rravicha\\AppData\\Local\\Temp\\rust_mozprofilemaJ011"
1633852866057	Marionette	INFO	Marionette enabled
console.warn: SearchSettings: "get: No settings file exists, new profile?" (new NotFoundError("Could not open the file at C:\\Users\\rravicha\\AppData\\Local\\Temp\\rust_mozprofilemaJ011\\search.json.mozlz4", (void 0)))
1633852868200	Marionette	INFO	Listening on port 55257
1633852868392	RemoteAgent	WARN	TLS certificate errors will be ignored for this session
JavaScript error: resource://services-settings/Attachments.jsm, line 391: TypeError: / is not a valid URL.
JavaScript warning: http://unxrh7.ibi.com:12500/ibi_apps/designer?tool=framework&master=ibisamp/car&item=IBFS:/WFC/Repository/P215_S31921/G875470, line 635: unreachable code after return statement
JavaScript warning: http://unxrh7.ibi.com:12500/ibi_apps/designer?tool=framework&master=ibisamp/car&item=IBFS:/WFC/Repository/P215_S31921/G875470, line 694: unreachable code after return statement
JavaScript warning: http://unxrh7.ibi.com:12500/ibi_apps/designer?tool=framework&master=ibisamp/car&item=IBFS:/WFC/Repository/P215_S31921/G875470, line 698: unreachable code after return statement
JavaScript warning: http://unxrh7.ibi.com:12500/ibi_apps/designer?tool=framework&master=ibisamp/car&item=IBFS:/WFC/Repository/P215_S31921/G875470, line 906: unreachable code after return statement

###!!! [Parent][MessageChannel] Error: (msgtype=0x390145,name=PContent::Msg_AsyncMessage) Channel error: cannot send/recv

A content process crashed and MOZ_CRASHREPORTER_SHUTDOWN is set, shutting down
1633853032285	Marionette	INFO	Stopped listening on port 55257
1633854534003	geckodriver	INFO	Listening on 127.0.0.1:60236
1633854537023	mozrunner::runner	INFO	Running command: "C:\\Program Files\\Mozilla Firefox\\firefox.exe" "--marionette" "-no-remote" "-profile" "C:\\Users\\rravicha\\AppData\\Local\\Temp\\rust_mozprofileKpHyVU"
1633854537952	Marionette	INFO	Marionette enabled
console.warn: SearchSettings: "get: No settings file exists, new profile?" (new NotFoundError("Could not open the file at C:\\Users\\rravicha\\AppData\\Local\\Temp\\rust_mozprofileKpHyVU\\search.json.mozlz4", (void 0)))
1633854539966	Marionette	INFO	Listening on port 60244
1633854540324	RemoteAgent	WARN	TLS certificate errors will be ignored for this session
JavaScript error: resource://services-settings/Attachments.jsm, line 391: TypeError: / is not a valid URL.
1633854547082	Marionette	WARN	TimedPromise timed out after 500 ms: stacktrace:
TimedPromise/<@chrome://remote/content/marionette/sync.js:238:19
TimedPromise@chrome://remote/content/marionette/sync.js:223:10
interaction.flushEventLoop@chrome://remote/content/marionette/interaction.js:431:10
webdriverClickElement@chrome://remote/content/marionette/interaction.js:179:31
JavaScript warning: http://unxrh7.ibi.com:50664/ibi_apps/designer?tool=framework&master=ibisamp/car&item=IBFS:/WFC/Repository/P215_S31921/G875470, line 4647: unreachable code after return statement
JavaScript warning: http://unxrh7.ibi.com:50664/ibi_apps/designer?tool=framework&master=ibisamp/car&item=IBFS:/WFC/Repository/P215_S31921/G875470, line 49: unreachable code after return statement
JavaScript warning: http://unxrh7.ibi.com:50664/ibi_apps/designer?tool=framework&master=ibisamp/car&item=IBFS:/WFC/Repository/P215_S31921/G875470, line 151: unreachable code after return statement
JavaScript warning: http://unxrh7.ibi.com:50664/ibi_apps/designer?tool=framework&master=ibisamp/car&item=IBFS:/WFC/Repository/P215_S31921/G875470, line 362: unreachable code after return statement
[GFX1-]: RenderCompositorSWGL failed mapping default framebuffer, no dt
1633854693225	Marionette	WARN	TimedPromise timed out after 500 ms: stacktrace:
TimedPromise/<@chrome://remote/content/marionette/sync.js:238:19
TimedPromise@chrome://remote/content/marionette/sync.js:223:10
interaction.flushEventLoop@chrome://remote/content/marionette/interaction.js:431:10
webdriverClickElement@chrome://remote/content/marionette/interaction.js:179:31
JavaScript warning: http://unxrh7.ibi.com:50664/ibi_apps/designer?tool=framework&master=ibisamp/car&item=IBFS:/WFC/Repository/P215_S31921/G875470 line 129 > injectedScript, line 4647: unreachable code after return statement
JavaScript warning: http://unxrh7.ibi.com:50664/ibi_apps/designer?&item=IBFS:/WFC/Repository/P215_S31921/G875470/c9929775_base.fex, line 4647: unreachable code after return statement
JavaScript warning: http://unxrh7.ibi.com:50664/ibi_apps/designer?&item=IBFS:/WFC/Repository/P215_S31921/G875470/c9929775_base.fex, line 49: unreachable code after return statement
JavaScript warning: http://unxrh7.ibi.com:50664/ibi_apps/designer?&item=IBFS:/WFC/Repository/P215_S31921/G875470/c9929775_base.fex, line 151: unreachable code after return statement
JavaScript warning: http://unxrh7.ibi.com:50664/ibi_apps/designer?&item=IBFS:/WFC/Repository/P215_S31921/G875470/c9929775_base.fex, line 362: unreachable code after return statement
JavaScript warning: http://unxrh7.ibi.com:50664/ibi_apps/designer?&item=IBFS:/WFC/Repository/P215_S31921/G875470/c9929775_base.fex line 129 > injectedScript, line 4647: unreachable code after return statement
1633854742951	Marionette	INFO	Stopped listening on port 60244
JavaScript error: resource:///modules/Interactions.jsm, line 230: NS_ERROR_FAILURE: Component returned failure code: 0x80004005 (NS_ERROR_FAILURE) [nsIUserIdleService.removeIdleObserver]
1634199962667	geckodriver	INFO	Listening on 127.0.0.1:59573
1634199965692	mozrunner::runner	INFO	Running command: "C:\\Program Files\\Mozilla Firefox\\firefox.exe" "--marionette" "-no-remote" "-profile" "C:\\Users\\rravicha\\AppData\\Local\\Temp\\rust_mozprofilelzXmLd"
1634199967802	Marionette	INFO	Marionette enabled
console.warn: SearchSettings: "get: No settings file exists, new profile?" (new NotFoundError("Could not open the file at C:\\Users\\rravicha\\AppData\\Local\\Temp\\rust_mozprofilelzXmLd\\search.json.mozlz4", (void 0)))
1634199971183	Marionette	INFO	Listening on port 59581
JavaScript error: resource://services-settings/Attachments.jsm, line 391: TypeError: / is not a valid URL.
1634199971679	RemoteAgent	WARN	TLS certificate errors will be ignored for this session
JavaScript warning: http://unxrh7.ibi.com:12500/ibi_apps/designer?tool=framework&master=retail_samples/wf_retail_lite&item=IBFS:/WFC/Repository/P215_S31921/G875470, line 636: unreachable code after return statement
JavaScript warning: http://unxrh7.ibi.com:12500/ibi_apps/designer?tool=framework&master=retail_samples/wf_retail_lite&item=IBFS:/WFC/Repository/P215_S31921/G875470, line 695: unreachable code after return statement
JavaScript warning: http://unxrh7.ibi.com:12500/ibi_apps/designer?tool=framework&master=retail_samples/wf_retail_lite&item=IBFS:/WFC/Repository/P215_S31921/G875470, line 699: unreachable code after return statement
JavaScript warning: http://unxrh7.ibi.com:12500/ibi_apps/designer?tool=framework&master=retail_samples/wf_retail_lite&item=IBFS:/WFC/Repository/P215_S31921/G875470, line 909: unreachable code after return statement
console.log: WebExtensions: reset-default-search: starting.
console.log: WebExtensions: reset-default-search: No addons in our list are installed.
JavaScript error: , line 0: NS_ERROR_NOT_AVAILABLE
1634207774249	geckodriver	INFO	Listening on 127.0.0.1:54966
1634207777251	mozrunner::runner	INFO	Running command: "C:\\Program Files\\Mozilla Firefox\\firefox.exe" "--marionette" "-no-remote" "-profile" "C:\\Users\\rravicha\\AppData\\Local\\Temp\\rust_mozprofilezHUTt9"
1634207778410	Marionette	INFO	Marionette enabled
console.warn: SearchSettings: "get: No settings file exists, new profile?" (new NotFoundError("Could not open the file at C:\\Users\\rravicha\\AppData\\Local\\Temp\\rust_mozprofilezHUTt9\\search.json.mozlz4", (void 0)))
1634207780847	Marionette	INFO	Listening on port 54974
1634207781010	RemoteAgent	WARN	TLS certificate errors will be ignored for this session
JavaScript error: resource://services-settings/Attachments.jsm, line 391: TypeError: / is not a valid URL.
JavaScript warning: http://unxrh7.ibi.com:12500/ibi_apps/designer?tool=framework&master=retail_samples/wf_retail_lite&item=IBFS:/WFC/Repository/P215_S31921/G875470, line 636: unreachable code after return statement
JavaScript warning: http://unxrh7.ibi.com:12500/ibi_apps/designer?tool=framework&master=retail_samples/wf_retail_lite&item=IBFS:/WFC/Repository/P215_S31921/G875470, line 695: unreachable code after return statement
JavaScript warning: http://unxrh7.ibi.com:12500/ibi_apps/designer?tool=framework&master=retail_samples/wf_retail_lite&item=IBFS:/WFC/Repository/P215_S31921/G875470, line 699: unreachable code after return statement
JavaScript warning: http://unxrh7.ibi.com:12500/ibi_apps/designer?tool=framework&master=retail_samples/wf_retail_lite&item=IBFS:/WFC/Repository/P215_S31921/G875470, line 909: unreachable code after return statement
JavaScript warning: http://unxrh7.ibi.com:12500/ibi_apps/designer?tool=framework&master=retail_samples/wf_retail_lite&item=IBFS:/WFC/Repository/P215_S31921/G875470 line 129 > injectedScript, line 636: unreachable code after return statement
1634207861258	Marionette	INFO	Stopped listening on port 54974
JavaScript error: resource:///modules/Interactions.jsm, line 230: NS_ERROR_FAILURE: Component returned failure code: 0x80004005 (NS_ERROR_FAILURE) [nsIUserIdleService.removeIdleObserver]
JavaScript error: chrome://remote/content/marionette/cert.js, line 55: NS_ERROR_NOT_AVAILABLE: Component returned failure code: 0x80040111 (NS_ERROR_NOT_AVAILABLE) [nsICertOverrideService.setDisableAllSecurityChecksAndLetAttackersInterceptMyData]

###!!! [Child][RunMessage] Error: Channel closing: too late to send/recv, messages will be lost

1634207872930	geckodriver	INFO	Listening on 127.0.0.1:54555
1634207875941	mozrunner::runner	INFO	Running command: "C:\\Program Files\\Mozilla Firefox\\firefox.exe" "--marionette" "-no-remote" "-profile" "C:\\Users\\rravicha\\AppData\\Local\\Temp\\rust_mozprofileczylYT"
1634207876945	Marionette	INFO	Marionette enabled
console.warn: SearchSettings: "get: No settings file exists, new profile?" (new NotFoundError("Could not open the file at C:\\Users\\rravicha\\AppData\\Local\\Temp\\rust_mozprofileczylYT\\search.json.mozlz4", (void 0)))
1634207879114	Marionette	INFO	Listening on port 54563
1634207879178	RemoteAgent	WARN	TLS certificate errors will be ignored for this session
JavaScript error: resource://services-settings/Attachments.jsm, line 391: TypeError: / is not a valid URL.
JavaScript warning: http://unxrh7.ibi.com:12500/ibi_apps/designer?tool=framework&master=retail_samples/wf_retail_lite&item=IBFS:/WFC/Repository/P215_S31921/G875470, line 636: unreachable code after return statement
JavaScript warning: http://unxrh7.ibi.com:12500/ibi_apps/designer?tool=framework&master=retail_samples/wf_retail_lite&item=IBFS:/WFC/Repository/P215_S31921/G875470, line 695: unreachable code after return statement
JavaScript warning: http://unxrh7.ibi.com:12500/ibi_apps/designer?tool=framework&master=retail_samples/wf_retail_lite&item=IBFS:/WFC/Repository/P215_S31921/G875470, line 699: unreachable code after return statement
JavaScript warning: http://unxrh7.ibi.com:12500/ibi_apps/designer?tool=framework&master=retail_samples/wf_retail_lite&item=IBFS:/WFC/Repository/P215_S31921/G875470, line 909: unreachable code after return statement

###!!! [Parent][MessageChannel] Error: (msgtype=0x390145,name=PContent::Msg_AsyncMessage) Channel error: cannot send/recv

A content process crashed and MOZ_CRASHREPORTER_SHUTDOWN is set, shutting down
1634208107131	Marionette	INFO	Stopped listening on port 54563
JavaScript error: resource:///modules/Interactions.jsm, line 230: NS_ERROR_FAILURE: Component returned failure code: 0x80004005 (NS_ERROR_FAILURE) [nsIUserIdleService.removeIdleObserver]
[Parent 5408, IPC I/O Parent] WARNING: file /builds/worker/checkouts/gecko/ipc/chromium/src/base/process_util_win.cc:167

###!!! [Parent][RunMessage] Error: Channel error: cannot send/recv


###!!! [Parent][RunMessage] Error: Channel error: cannot send/recv


###!!! [Parent][RunMessage] Error: Channel error: cannot send/recv


###!!! [Parent][RunMessage] Error: Channel error: cannot send/recv


###!!! [Parent][RunMessage] Error: Channel error: cannot send/recv


###!!! [Parent][RunMessage] Error: Channel error: cannot send/recv


###!!! [Parent][MessageChannel] Error: (msgtype=0x390050,name=PContent::Msg_NotifyProcessPriorityChanged) Channel error: cannot send/recv

JavaScript error: resource:///modules/sessionstore/SessionStore.jsm, line 2073: TypeError: subject.QueryInterface is not a function
JavaScript error: resource:///modules/sessionstore/SessionStore.jsm, line 2073: TypeError: subject.QueryInterface is not a function
A content process crashed and MOZ_CRASHREPORTER_SHUTDOWN is set, shutting down
1634208107625	geckodriver	INFO	Listening on 127.0.0.1:60000
1634208110649	mozrunner::runner	INFO	Running command: "C:\\Program Files\\Mozilla Firefox\\firefox.exe" "--marionette" "-no-remote" "-profile" "C:\\Users\\rravicha\\AppData\\Local\\Temp\\rust_mozprofile0TzPI3"
1634208111542	Marionette	INFO	Marionette enabled
console.warn: SearchSettings: "get: No settings file exists, new profile?" (new NotFoundError("Could not open the file at C:\\Users\\rravicha\\AppData\\Local\\Temp\\rust_mozprofile0TzPI3\\search.json.mozlz4", (void 0)))
1634208113539	Marionette	INFO	Listening on port 60008
1634208113871	RemoteAgent	WARN	TLS certificate errors will be ignored for this session
JavaScript error: resource://services-settings/Attachments.jsm, line 391: TypeError: / is not a valid URL.
JavaScript warning: http://unxrh7.ibi.com:12500/ibi_apps/designer?tool=framework&master=retail_samples/wf_retail_lite&item=IBFS:/WFC/Repository/P215_S31921/G875470, line 636: unreachable code after return statement
JavaScript warning: http://unxrh7.ibi.com:12500/ibi_apps/designer?tool=framework&master=retail_samples/wf_retail_lite&item=IBFS:/WFC/Repository/P215_S31921/G875470, line 695: unreachable code after return statement
JavaScript warning: http://unxrh7.ibi.com:12500/ibi_apps/designer?tool=framework&master=retail_samples/wf_retail_lite&item=IBFS:/WFC/Repository/P215_S31921/G875470, line 699: unreachable code after return statement
JavaScript warning: http://unxrh7.ibi.com:12500/ibi_apps/designer?tool=framework&master=retail_samples/wf_retail_lite&item=IBFS:/WFC/Repository/P215_S31921/G875470, line 909: unreachable code after return statement
A content process crashed and MOZ_CRASHREPORTER_SHUTDOWN is set, shutting down
1634208327750	Marionette	INFO	Stopped listening on port 60008
[Parent 7768, IPC I/O Parent] WARNING: file /builds/worker/checkouts/gecko/ipc/chromium/src/base/process_util_win.cc:167
JavaScript error: resource:///modules/Interactions.jsm, line 230: NS_ERROR_FAILURE: Component returned failure code: 0x80004005 (NS_ERROR_FAILURE) [nsIUserIdleService.removeIdleObserver]

###!!! [Parent][MessageChannel] Error: (msgtype=0x390077,name=PContent::Msg_DestroyBrowsingContextGroup) Closed channel: cannot send/recv


###!!! [Child][MessageChannel] Error: (msgtype=0x3B0001,name=PCookieService::Msg_SetCookies) Channel closing: too late to send/recv, messages will be lost


###!!! [Child][MessageChannel] Error: (msgtype=0x590008,name=PHttpChannel::Msg_DeletingChannel) Channel closing: too late to send/recv, messages will be lost


###!!! [Child][RunMessage] Error: Channel closing: too late to send/recv, messages will be lost


###!!! [Child][MessageChannel] Error: (msgtype=0x23002F,name=PBrowser::Msg___delete__) Channel closing: too late to send/recv, messages will be lost


###!!! [Child][RunMessage] Error: Channel closing: too late to send/recv, messages will be lost

1634208328411	geckodriver	INFO	Listening on 127.0.0.1:60104
1634208331425	mozrunner::runner	INFO	Running command: "C:\\Program Files\\Mozilla Firefox\\firefox.exe" "--marionette" "-no-remote" "-profile" "C:\\Users\\rravicha\\AppData\\Local\\Temp\\rust_mozprofileVd1moS"
1634208332396	Marionette	INFO	Marionette enabled
console.warn: SearchSettings: "get: No settings file exists, new profile?" (new NotFoundError("Could not open the file at C:\\Users\\rravicha\\AppData\\Local\\Temp\\rust_mozprofileVd1moS\\search.json.mozlz4", (void 0)))
1634208334526	Marionette	INFO	Listening on port 60112
1634208334669	RemoteAgent	WARN	TLS certificate errors will be ignored for this session
JavaScript error: resource://services-settings/Attachments.jsm, line 391: TypeError: / is not a valid URL.
JavaScript warning: http://unxrh7.ibi.com:12500/ibi_apps/designer?tool=framework&master=retail_samples/wf_retail_lite&item=IBFS:/WFC/Repository/P215_S31921/G875470, line 636: unreachable code after return statement
JavaScript warning: http://unxrh7.ibi.com:12500/ibi_apps/designer?tool=framework&master=retail_samples/wf_retail_lite&item=IBFS:/WFC/Repository/P215_S31921/G875470, line 695: unreachable code after return statement
JavaScript warning: http://unxrh7.ibi.com:12500/ibi_apps/designer?tool=framework&master=retail_samples/wf_retail_lite&item=IBFS:/WFC/Repository/P215_S31921/G875470, line 699: unreachable code after return statement
JavaScript warning: http://unxrh7.ibi.com:12500/ibi_apps/designer?tool=framework&master=retail_samples/wf_retail_lite&item=IBFS:/WFC/Repository/P215_S31921/G875470, line 909: unreachable code after return statement
A content process crashed and MOZ_CRASHREPORTER_SHUTDOWN is set, shutting down
1634208713494	geckodriver	INFO	Listening on 127.0.0.1:60215
1634208716504	mozrunner::runner	INFO	Running command: "C:\\Program Files\\Mozilla Firefox\\firefox.exe" "--marionette" "-no-remote" "-profile" "C:\\Users\\rravicha\\AppData\\Local\\Temp\\rust_mozprofilejNYQCv"
1634208717417	Marionette	INFO	Marionette enabled
console.warn: SearchSettings: "get: No settings file exists, new profile?" (new NotFoundError("Could not open the file at C:\\Users\\rravicha\\AppData\\Local\\Temp\\rust_mozprofilejNYQCv\\search.json.mozlz4", (void 0)))
1634208719451	Marionette	INFO	Listening on port 60223
1634208719742	RemoteAgent	WARN	TLS certificate errors will be ignored for this session
JavaScript error: resource://services-settings/Attachments.jsm, line 391: TypeError: / is not a valid URL.
JavaScript warning: http://unxrh7.ibi.com:12500/ibi_apps/designer?tool=framework&master=retail_samples/wf_retail_lite&item=IBFS:/WFC/Repository/P215_S31921/G875470, line 636: unreachable code after return statement
JavaScript warning: http://unxrh7.ibi.com:12500/ibi_apps/designer?tool=framework&master=retail_samples/wf_retail_lite&item=IBFS:/WFC/Repository/P215_S31921/G875470, line 695: unreachable code after return statement
JavaScript warning: http://unxrh7.ibi.com:12500/ibi_apps/designer?tool=framework&master=retail_samples/wf_retail_lite&item=IBFS:/WFC/Repository/P215_S31921/G875470, line 699: unreachable code after return statement
JavaScript warning: http://unxrh7.ibi.com:12500/ibi_apps/designer?tool=framework&master=retail_samples/wf_retail_lite&item=IBFS:/WFC/Repository/P215_S31921/G875470, line 909: unreachable code after return statement

###!!! [Parent][MessageChannel] Error: (msgtype=0x390145,name=PContent::Msg_AsyncMessage) Channel error: cannot send/recv

A content process crashed and MOZ_CRASHREPORTER_SHUTDOWN is set, shutting down
1634208919995	Marionette	INFO	Stopped listening on port 60223
[Parent 8336, IPC I/O Parent] WARNING: file /builds/worker/checkouts/gecko/ipc/chromium/src/base/process_util_win.cc:167
JavaScript error: resource:///modules/Interactions.jsm, line 230: NS_ERROR_FAILURE: Component returned failure code: 0x80004005 (NS_ERROR_FAILURE) [nsIUserIdleService.removeIdleObserver]
A content process crashed and MOZ_CRASHREPORTER_SHUTDOWN is set, shutting down
[Parent 8336, IPC I/O Parent] WARNING: file /builds/worker/checkouts/gecko/ipc/chromium/src/base/process_util_win.cc:167
1634208920515	geckodriver	INFO	Listening on 127.0.0.1:60319
1634208923519	mozrunner::runner	INFO	Running command: "C:\\Program Files\\Mozilla Firefox\\firefox.exe" "--marionette" "-no-remote" "-profile" "C:\\Users\\rravicha\\AppData\\Local\\Temp\\rust_mozprofileGYdwfl"
1634208924484	Marionette	INFO	Marionette enabled
console.warn: SearchSettings: "get: No settings file exists, new profile?" (new NotFoundError("Could not open the file at C:\\Users\\rravicha\\AppData\\Local\\Temp\\rust_mozprofileGYdwfl\\search.json.mozlz4", (void 0)))
1634208926546	Marionette	INFO	Listening on port 60327
1634208926741	RemoteAgent	WARN	TLS certificate errors will be ignored for this session
JavaScript error: resource://services-settings/Attachments.jsm, line 391: TypeError: / is not a valid URL.
JavaScript warning: http://unxrh7.ibi.com:12500/ibi_apps/designer?tool=framework&master=retail_samples/wf_retail_lite&item=IBFS:/WFC/Repository/P215_S31921/G875470, line 636: unreachable code after return statement
JavaScript warning: http://unxrh7.ibi.com:12500/ibi_apps/designer?tool=framework&master=retail_samples/wf_retail_lite&item=IBFS:/WFC/Repository/P215_S31921/G875470, line 695: unreachable code after return statement
JavaScript warning: http://unxrh7.ibi.com:12500/ibi_apps/designer?tool=framework&master=retail_samples/wf_retail_lite&item=IBFS:/WFC/Repository/P215_S31921/G875470, line 699: unreachable code after return statement
JavaScript warning: http://unxrh7.ibi.com:12500/ibi_apps/designer?tool=framework&master=retail_samples/wf_retail_lite&item=IBFS:/WFC/Repository/P215_S31921/G875470, line 909: unreachable code after return statement
1634209058411	Marionette	WARN	TimedPromise timed out after 500 ms: stacktrace:
TimedPromise/<@chrome://remote/content/marionette/sync.js:238:19
TimedPromise@chrome://remote/content/marionette/sync.js:223:10
interaction.flushEventLoop@chrome://remote/content/marionette/interaction.js:431:10
webdriverClickElement@chrome://remote/content/marionette/interaction.js:179:31
JavaScript warning: http://unxrh7.ibi.com:12500/ibi_apps/designer?tool=framework&master=retail_samples/wf_retail_lite&item=IBFS:/WFC/Repository/P215_S31921/G875470 line 129 > injectedScript, line 636: unreachable code after return statement
JavaScript warning: http://unxrh7.ibi.com:12500/ibi_apps/designer?&item=IBFS:/WFC/Repository/P215_S31921/G875470/c9929774_base.fex, line 636: unreachable code after return statement
JavaScript warning: http://unxrh7.ibi.com:12500/ibi_apps/designer?&item=IBFS:/WFC/Repository/P215_S31921/G875470/c9929774_base.fex, line 695: unreachable code after return statement
JavaScript warning: http://unxrh7.ibi.com:12500/ibi_apps/designer?&item=IBFS:/WFC/Repository/P215_S31921/G875470/c9929774_base.fex, line 699: unreachable code after return statement
JavaScript warning: http://unxrh7.ibi.com:12500/ibi_apps/designer?&item=IBFS:/WFC/Repository/P215_S31921/G875470/c9929774_base.fex, line 909: unreachable code after return statement
JavaScript warning: http://unxrh7.ibi.com:12500/ibi_apps/designer?&item=IBFS:/WFC/Repository/P215_S31921/G875470/c9929774_base.fex line 129 > injectedScript, line 636: unreachable code after return statement
1634209115669	Marionette	INFO	Stopped listening on port 60327
JavaScript error: resource:///modules/Interactions.jsm, line 230: NS_ERROR_FAILURE: Component returned failure code: 0x80004005 (NS_ERROR_FAILURE) [nsIUserIdleService.removeIdleObserver]
1634209185761	geckodriver	INFO	Listening on 127.0.0.1:65225
1634209188771	mozrunner::runner	INFO	Running command: "C:\\Program Files\\Mozilla Firefox\\firefox.exe" "--marionette" "-no-remote" "-profile" "C:\\Users\\rravicha\\AppData\\Local\\Temp\\rust_mozprofileUG7195"
1634209189607	Marionette	INFO	Marionette enabled
console.warn: SearchSettings: "get: No settings file exists, new profile?" (new NotFoundError("Could not open the file at C:\\Users\\rravicha\\AppData\\Local\\Temp\\rust_mozprofileUG7195\\search.json.mozlz4", (void 0)))
1634209191669	Marionette	INFO	Listening on port 65243
1634209191970	RemoteAgent	WARN	TLS certificate errors will be ignored for this session
JavaScript error: resource://services-settings/Attachments.jsm, line 391: TypeError: / is not a valid URL.
JavaScript warning: http://unxrh7.ibi.com:12500/ibi_apps/designer?tool=framework&master=retail_samples/wf_retail_lite&item=IBFS:/WFC/Repository/P215_S31921/G875470, line 636: unreachable code after return statement
JavaScript warning: http://unxrh7.ibi.com:12500/ibi_apps/designer?tool=framework&master=retail_samples/wf_retail_lite&item=IBFS:/WFC/Repository/P215_S31921/G875470, line 695: unreachable code after return statement
JavaScript warning: http://unxrh7.ibi.com:12500/ibi_apps/designer?tool=framework&master=retail_samples/wf_retail_lite&item=IBFS:/WFC/Repository/P215_S31921/G875470, line 699: unreachable code after return statement
JavaScript warning: http://unxrh7.ibi.com:12500/ibi_apps/designer?tool=framework&master=retail_samples/wf_retail_lite&item=IBFS:/WFC/Repository/P215_S31921/G875470, line 909: unreachable code after return statement
1634209323305	Marionette	WARN	TimedPromise timed out after 500 ms: stacktrace:
TimedPromise/<@chrome://remote/content/marionette/sync.js:238:19
TimedPromise@chrome://remote/content/marionette/sync.js:223:10
interaction.flushEventLoop@chrome://remote/content/marionette/interaction.js:431:10
webdriverClickElement@chrome://remote/content/marionette/interaction.js:179:31
JavaScript warning: http://unxrh7.ibi.com:12500/ibi_apps/designer?tool=framework&master=retail_samples/wf_retail_lite&item=IBFS:/WFC/Repository/P215_S31921/G875470 line 129 > injectedScript, line 636: unreachable code after return statement
JavaScript warning: http://unxrh7.ibi.com:12500/ibi_apps/designer?&item=IBFS:/WFC/Repository/P215_S31921/G875470/c9929774_base.fex, line 636: unreachable code after return statement
JavaScript warning: http://unxrh7.ibi.com:12500/ibi_apps/designer?&item=IBFS:/WFC/Repository/P215_S31921/G875470/c9929774_base.fex, line 695: unreachable code after return statement
JavaScript warning: http://unxrh7.ibi.com:12500/ibi_apps/designer?&item=IBFS:/WFC/Repository/P215_S31921/G875470/c9929774_base.fex, line 699: unreachable code after return statement
JavaScript warning: http://unxrh7.ibi.com:12500/ibi_apps/designer?&item=IBFS:/WFC/Repository/P215_S31921/G875470/c9929774_base.fex, line 909: unreachable code after return statement
JavaScript warning: http://unxrh7.ibi.com:12500/ibi_apps/designer?&item=IBFS:/WFC/Repository/P215_S31921/G875470/c9929774_base.fex line 129 > injectedScript, line 636: unreachable code after return statement
1634209380578	Marionette	INFO	Stopped listening on port 65243
JavaScript error: resource:///modules/Interactions.jsm, line 230: NS_ERROR_FAILURE: Component returned failure code: 0x80004005 (NS_ERROR_FAILURE) [nsIUserIdleService.removeIdleObserver]
1634209459323	geckodriver	INFO	Listening on 127.0.0.1:65348
1634209462359	mozrunner::runner	INFO	Running command: "C:\\Program Files\\Mozilla Firefox\\firefox.exe" "--marionette" "-no-remote" "-profile" "C:\\Users\\rravicha\\AppData\\Local\\Temp\\rust_mozprofileChs8GU"
1634209463290	Marionette	INFO	Marionette enabled
console.warn: SearchSettings: "get: No settings file exists, new profile?" (new NotFoundError("Could not open the file at C:\\Users\\rravicha\\AppData\\Local\\Temp\\rust_mozprofileChs8GU\\search.json.mozlz4", (void 0)))
1634209465250	Marionette	INFO	Listening on port 65356
1634209465582	RemoteAgent	WARN	TLS certificate errors will be ignored for this session
JavaScript error: resource://services-settings/Attachments.jsm, line 391: TypeError: / is not a valid URL.
JavaScript warning: http://unxrh7.ibi.com:12500/ibi_apps/designer?tool=framework&master=retail_samples/wf_retail_lite&item=IBFS:/WFC/Repository/P215_S31921/G875470, line 636: unreachable code after return statement
JavaScript warning: http://unxrh7.ibi.com:12500/ibi_apps/designer?tool=framework&master=retail_samples/wf_retail_lite&item=IBFS:/WFC/Repository/P215_S31921/G875470, line 695: unreachable code after return statement
JavaScript warning: http://unxrh7.ibi.com:12500/ibi_apps/designer?tool=framework&master=retail_samples/wf_retail_lite&item=IBFS:/WFC/Repository/P215_S31921/G875470, line 699: unreachable code after return statement
JavaScript warning: http://unxrh7.ibi.com:12500/ibi_apps/designer?tool=framework&master=retail_samples/wf_retail_lite&item=IBFS:/WFC/Repository/P215_S31921/G875470, line 909: unreachable code after return statement
1634209608448	Marionette	WARN	TimedPromise timed out after 500 ms: stacktrace:
TimedPromise/<@chrome://remote/content/marionette/sync.js:238:19
TimedPromise@chrome://remote/content/marionette/sync.js:223:10
interaction.flushEventLoop@chrome://remote/content/marionette/interaction.js:431:10
webdriverClickElement@chrome://remote/content/marionette/interaction.js:179:31
JavaScript warning: http://unxrh7.ibi.com:12500/ibi_apps/designer?tool=framework&master=retail_samples/wf_retail_lite&item=IBFS:/WFC/Repository/P215_S31921/G875470 line 129 > injectedScript, line 636: unreachable code after return statement
JavaScript warning: http://unxrh7.ibi.com:12500/ibi_apps/designer?&item=IBFS:/WFC/Repository/P215_S31921/G875470/c9929774_base.fex, line 636: unreachable code after return statement
JavaScript warning: http://unxrh7.ibi.com:12500/ibi_apps/designer?&item=IBFS:/WFC/Repository/P215_S31921/G875470/c9929774_base.fex, line 695: unreachable code after return statement
JavaScript warning: http://unxrh7.ibi.com:12500/ibi_apps/designer?&item=IBFS:/WFC/Repository/P215_S31921/G875470/c9929774_base.fex, line 699: unreachable code after return statement
JavaScript warning: http://unxrh7.ibi.com:12500/ibi_apps/designer?&item=IBFS:/WFC/Repository/P215_S31921/G875470/c9929774_base.fex, line 909: unreachable code after return statement
JavaScript warning: http://unxrh7.ibi.com:12500/ibi_apps/designer?&item=IBFS:/WFC/Repository/P215_S31921/G875470/c9929774_base.fex line 129 > injectedScript, line 636: unreachable code after return statement
1634209657300	Marionette	INFO	Stopped listening on port 65356
JavaScript error: resource:///modules/Interactions.jsm, line 230: NS_ERROR_FAILURE: Component returned failure code: 0x80004005 (NS_ERROR_FAILURE) [nsIUserIdleService.removeIdleObserver]
1634303038775	geckodriver	INFO	Listening on 127.0.0.1:56460
1634303041770	mozrunner::runner	INFO	Running command: "C:\\Program Files\\Mozilla Firefox\\firefox.exe" "--marionette" "-no-remote" "-profile" "C:\\Users\\rravicha\\AppData\\Local\\Temp\\rust_mozprofileqaAtRA"
1634303042975	Marionette	INFO	Marionette enabled
console.warn: SearchSettings: "get: No settings file exists, new profile?" (new NotFoundError("Could not open the file at C:\\Users\\rravicha\\AppData\\Local\\Temp\\rust_mozprofileqaAtRA\\search.json.mozlz4", (void 0)))
1634303045484	Marionette	INFO	Listening on port 56468
1634303045577	RemoteAgent	WARN	TLS certificate errors will be ignored for this session
JavaScript error: resource://services-settings/Attachments.jsm, line 391: TypeError: / is not a valid URL.
JavaScript warning: http://unxrh7.ibi.com:12410/ibi_apps/designer?tool=framework&master=retail_samples/wf_retail_lite&item=IBFS:/WFC/Repository/P215_S31921/G875470, line 636: unreachable code after return statement
JavaScript warning: http://unxrh7.ibi.com:12410/ibi_apps/designer?tool=framework&master=retail_samples/wf_retail_lite&item=IBFS:/WFC/Repository/P215_S31921/G875470, line 695: unreachable code after return statement
JavaScript warning: http://unxrh7.ibi.com:12410/ibi_apps/designer?tool=framework&master=retail_samples/wf_retail_lite&item=IBFS:/WFC/Repository/P215_S31921/G875470, line 699: unreachable code after return statement
JavaScript warning: http://unxrh7.ibi.com:12410/ibi_apps/designer?tool=framework&master=retail_samples/wf_retail_lite&item=IBFS:/WFC/Repository/P215_S31921/G875470, line 909: unreachable code after return statement
1634303189811	Marionette	WARN	TimedPromise timed out after 500 ms: stacktrace:
TimedPromise/<@chrome://remote/content/marionette/sync.js:238:19
TimedPromise@chrome://remote/content/marionette/sync.js:223:10
interaction.flushEventLoop@chrome://remote/content/marionette/interaction.js:431:10
webdriverClickElement@chrome://remote/content/marionette/interaction.js:179:31
JavaScript warning: http://unxrh7.ibi.com:12410/ibi_apps/designer?tool=framework&master=retail_samples/wf_retail_lite&item=IBFS:/WFC/Repository/P215_S31921/G875470 line 129 > injectedScript, line 636: unreachable code after return statement
JavaScript warning: http://unxrh7.ibi.com:12410/ibi_apps/designer?&item=IBFS:/WFC/Repository/P215_S31921/G875470/c9929774_base.fex, line 636: unreachable code after return statement
JavaScript warning: http://unxrh7.ibi.com:12410/ibi_apps/designer?&item=IBFS:/WFC/Repository/P215_S31921/G875470/c9929774_base.fex, line 695: unreachable code after return statement
JavaScript warning: http://unxrh7.ibi.com:12410/ibi_apps/designer?&item=IBFS:/WFC/Repository/P215_S31921/G875470/c9929774_base.fex, line 699: unreachable code after return statement
JavaScript warning: http://unxrh7.ibi.com:12410/ibi_apps/designer?&item=IBFS:/WFC/Repository/P215_S31921/G875470/c9929774_base.fex, line 909: unreachable code after return statement
JavaScript warning: http://unxrh7.ibi.com:12410/ibi_apps/designer?&item=IBFS:/WFC/Repository/P215_S31921/G875470/c9929774_base.fex line 129 > injectedScript, line 636: unreachable code after return statement
1634303246210	Marionette	INFO	Stopped listening on port 56468
JavaScript error: resource:///modules/Interactions.jsm, line 230: NS_ERROR_FAILURE: Component returned failure code: 0x80004005 (NS_ERROR_FAILURE) [nsIUserIdleService.removeIdleObserver]
[Parent 10808, IPC I/O Parent] WARNING: pipe error: 232: file /builds/worker/checkouts/gecko/ipc/chromium/src/chrome/common/ipc_channel_win.cc:544
1634303292053	geckodriver	INFO	Listening on 127.0.0.1:56576
1634303295061	mozrunner::runner	INFO	Running command: "C:\\Program Files\\Mozilla Firefox\\firefox.exe" "--marionette" "-no-remote" "-profile" "C:\\Users\\rravicha\\AppData\\Local\\Temp\\rust_mozprofileBA3Lw0"
1634303295981	Marionette	INFO	Marionette enabled
console.warn: SearchSettings: "get: No settings file exists, new profile?" (new NotFoundError("Could not open the file at C:\\Users\\rravicha\\AppData\\Local\\Temp\\rust_mozprofileBA3Lw0\\search.json.mozlz4", (void 0)))
1634303298142	Marionette	INFO	Listening on port 56584
1634303298275	RemoteAgent	WARN	TLS certificate errors will be ignored for this session
JavaScript error: resource://services-settings/Attachments.jsm, line 391: TypeError: / is not a valid URL.
JavaScript warning: http://unxrh7.ibi.com:12410/ibi_apps/designer?tool=framework&master=retail_samples/wf_retail_lite&item=IBFS:/WFC/Repository/P215_S31921/G875470, line 636: unreachable code after return statement
JavaScript warning: http://unxrh7.ibi.com:12410/ibi_apps/designer?tool=framework&master=retail_samples/wf_retail_lite&item=IBFS:/WFC/Repository/P215_S31921/G875470, line 695: unreachable code after return statement
JavaScript warning: http://unxrh7.ibi.com:12410/ibi_apps/designer?tool=framework&master=retail_samples/wf_retail_lite&item=IBFS:/WFC/Repository/P215_S31921/G875470, line 699: unreachable code after return statement
JavaScript warning: http://unxrh7.ibi.com:12410/ibi_apps/designer?tool=framework&master=retail_samples/wf_retail_lite&item=IBFS:/WFC/Repository/P215_S31921/G875470, line 909: unreachable code after return statement
A content process crashed and MOZ_CRASHREPORTER_SHUTDOWN is set, shutting down
1634303572035	geckodriver	INFO	Listening on 127.0.0.1:53679
1634303575065	mozrunner::runner	INFO	Running command: "C:\\Program Files\\Mozilla Firefox\\firefox.exe" "--marionette" "-no-remote" "-profile" "C:\\Users\\rravicha\\AppData\\Local\\Temp\\rust_mozprofile2xMAEK"
1634303576008	Marionette	INFO	Marionette enabled
console.warn: SearchSettings: "get: No settings file exists, new profile?" (new NotFoundError("Could not open the file at C:\\Users\\rravicha\\AppData\\Local\\Temp\\rust_mozprofile2xMAEK\\search.json.mozlz4", (void 0)))
1634303578310	Marionette	INFO	Listening on port 53687
JavaScript error: resource://services-settings/Attachments.jsm, line 391: TypeError: / is not a valid URL.
1634303578789	RemoteAgent	WARN	TLS certificate errors will be ignored for this session
JavaScript warning: http://unxrh7.ibi.com:12410/ibi_apps/designer?tool=framework&master=retail_samples/wf_retail_lite&item=IBFS:/WFC/Repository/P215_S31921/G875470, line 636: unreachable code after return statement
JavaScript warning: http://unxrh7.ibi.com:12410/ibi_apps/designer?tool=framework&master=retail_samples/wf_retail_lite&item=IBFS:/WFC/Repository/P215_S31921/G875470, line 695: unreachable code after return statement
JavaScript warning: http://unxrh7.ibi.com:12410/ibi_apps/designer?tool=framework&master=retail_samples/wf_retail_lite&item=IBFS:/WFC/Repository/P215_S31921/G875470, line 699: unreachable code after return statement
JavaScript warning: http://unxrh7.ibi.com:12410/ibi_apps/designer?tool=framework&master=retail_samples/wf_retail_lite&item=IBFS:/WFC/Repository/P215_S31921/G875470, line 909: unreachable code after return statement
1634303723423	Marionette	WARN	TimedPromise timed out after 500 ms: stacktrace:
TimedPromise/<@chrome://remote/content/marionette/sync.js:238:19
TimedPromise@chrome://remote/content/marionette/sync.js:223:10
interaction.flushEventLoop@chrome://remote/content/marionette/interaction.js:431:10
webdriverClickElement@chrome://remote/content/marionette/interaction.js:179:31
JavaScript warning: http://unxrh7.ibi.com:12410/ibi_apps/designer?tool=framework&master=retail_samples/wf_retail_lite&item=IBFS:/WFC/Repository/P215_S31921/G875470 line 129 > injectedScript, line 636: unreachable code after return statement
JavaScript warning: http://unxrh7.ibi.com:12410/ibi_apps/designer?&item=IBFS:/WFC/Repository/P215_S31921/G875470/c9929774_base.fex, line 636: unreachable code after return statement
JavaScript warning: http://unxrh7.ibi.com:12410/ibi_apps/designer?&item=IBFS:/WFC/Repository/P215_S31921/G875470/c9929774_base.fex, line 695: unreachable code after return statement
JavaScript warning: http://unxrh7.ibi.com:12410/ibi_apps/designer?&item=IBFS:/WFC/Repository/P215_S31921/G875470/c9929774_base.fex, line 699: unreachable code after return statement
JavaScript warning: http://unxrh7.ibi.com:12410/ibi_apps/designer?&item=IBFS:/WFC/Repository/P215_S31921/G875470/c9929774_base.fex, line 909: unreachable code after return statement
JavaScript warning: http://unxrh7.ibi.com:12410/ibi_apps/designer?&item=IBFS:/WFC/Repository/P215_S31921/G875470/c9929774_base.fex line 129 > injectedScript, line 636: unreachable code after return statement
1634303780317	Marionette	INFO	Stopped listening on port 53687
JavaScript error: resource:///modules/Interactions.jsm, line 230: NS_ERROR_FAILURE: Component returned failure code: 0x80004005 (NS_ERROR_FAILURE) [nsIUserIdleService.removeIdleObserver]

###!!! [Parent][MessageChannel] Error: (msgtype=0x390077,name=PContent::Msg_DestroyBrowsingContextGroup) Closed channel: cannot send/recv

1634836375145	geckodriver	INFO	Listening on 127.0.0.1:57191
1634836378171	mozrunner::runner	INFO	Running command: "C:\\Program Files\\Mozilla Firefox\\firefox.exe" "--marionette" "-no-remote" "-profile" "C:\\Users\\rravicha\\AppData\\Local\\Temp\\rust_mozprofile3mvOZE"
1634836379465	Marionette	INFO	Marionette enabled
console.warn: SearchSettings: "get: No settings file exists, new profile?" (new NotFoundError("Could not open the file at C:\\Users\\rravicha\\AppData\\Local\\Temp\\rust_mozprofile3mvOZE\\search.json.mozlz4", (void 0)))
1634836381818	Marionette	INFO	Listening on port 57199
1634836382014	RemoteAgent	WARN	TLS certificate errors will be ignored for this session
JavaScript error: resource://services-settings/Attachments.jsm, line 391: TypeError: / is not a valid URL.
JavaScript warning: http://unxrh7.ibi.com:36264/ibi_apps/designer?tool=framework&master=ibisamp/car&item=IBFS:/WFC/Repository/P215_S31921/G875470, line 636: unreachable code after return statement
JavaScript warning: http://unxrh7.ibi.com:36264/ibi_apps/designer?tool=framework&master=ibisamp/car&item=IBFS:/WFC/Repository/P215_S31921/G875470, line 695: unreachable code after return statement
JavaScript warning: http://unxrh7.ibi.com:36264/ibi_apps/designer?tool=framework&master=ibisamp/car&item=IBFS:/WFC/Repository/P215_S31921/G875470, line 699: unreachable code after return statement
JavaScript warning: http://unxrh7.ibi.com:36264/ibi_apps/designer?tool=framework&master=ibisamp/car&item=IBFS:/WFC/Repository/P215_S31921/G875470, line 909: unreachable code after return statement
1634836513465	Marionette	WARN	TimedPromise timed out after 500 ms: stacktrace:
TimedPromise/<@chrome://remote/content/marionette/sync.js:238:19
TimedPromise@chrome://remote/content/marionette/sync.js:223:10
interaction.flushEventLoop@chrome://remote/content/marionette/interaction.js:431:10
webdriverClickElement@chrome://remote/content/marionette/interaction.js:179:31
JavaScript warning: http://unxrh7.ibi.com:36264/ibi_apps/designer?tool=framework&master=ibisamp/car&item=IBFS:/WFC/Repository/P215_S31921/G875470 line 129 > injectedScript, line 636: unreachable code after return statement
JavaScript warning: http://unxrh7.ibi.com:36264/ibi_apps/designer?&item=IBFS:/WFC/Repository/P215_S31921/G875470/c9929953_base.fex, line 636: unreachable code after return statement
JavaScript warning: http://unxrh7.ibi.com:36264/ibi_apps/designer?&item=IBFS:/WFC/Repository/P215_S31921/G875470/c9929953_base.fex, line 695: unreachable code after return statement
JavaScript warning: http://unxrh7.ibi.com:36264/ibi_apps/designer?&item=IBFS:/WFC/Repository/P215_S31921/G875470/c9929953_base.fex, line 699: unreachable code after return statement
JavaScript warning: http://unxrh7.ibi.com:36264/ibi_apps/designer?&item=IBFS:/WFC/Repository/P215_S31921/G875470/c9929953_base.fex, line 909: unreachable code after return statement
JavaScript warning: http://unxrh7.ibi.com:36264/ibi_apps/designer?&item=IBFS:/WFC/Repository/P215_S31921/G875470/c9929953_base.fex line 129 > injectedScript, line 636: unreachable code after return statement
1634836562367	Marionette	INFO	Stopped listening on port 57199
[GFX1-]: RenderCompositorSWGL failed mapping default framebuffer, no dt
JavaScript error: resource:///modules/Interactions.jsm, line 230: NS_ERROR_FAILURE: Component returned failure code: 0x80004005 (NS_ERROR_FAILURE) [nsIUserIdleService.removeIdleObserver]
